<?xml version="1.0" encoding="UTF-8"?>
<!-- Generated by org.testng.reporters.JUnitReportReporter -->
<testsuite skipped="0" hostname="DESKTOP-O7H93CK" name="pkg1.LaunchTest" tests="2" failures="0" timestamp="31 Oct 2020 06:55:07 GMT" time="32.190" errors="0">
  <testcase name="openGoogle" time="12.166" classname="pkg1.LaunchTest"/>
  <testcase name="openStackOverFlow" time="20.024" classname="pkg1.LaunchTest"/>
</testsuite> <!-- pkg1.LaunchTest -->
